# JRE version: OpenJDK Runtime Environment (23.0.1+11) (build 23.0.1+11-39)
# Java VM: OpenJDK 64-Bit Server VM (23.0.1+11-39, mixed mode, sharing, tiered, compressed oops, compressed class ptrs, g1 gc, windows-amd64)
GC Precious Log:
 CardTable entry size: 512
 Card Set container configuration: InlinePtr #cards 4 size 8 Array Of Cards #cards 16 size 48 Howl #buckets 8 coarsen threshold 3686 Howl Bitmap #cards 512 size 80 coarsen threshold 460 Card regions per heap region 1 cards per card region 4096
 CPUs: 16 total, 16 available
 Memory: 14020M
 Large Page Support: Disabled
 NUMA Support: Disabled
 Compressed Oops: Enabled (Zero based)
 Heap Region Size: 2M
 Heap Min Capacity: 8M
 Heap Initial Capacity: 220M
 Heap Max Capacity: 3506M
 Pre-touch: Disabled
 Parallel Workers: 13
 Concurrent Workers: 3
 Concurrent Refinement Workers: 13
 Periodic GC: Disabled
Heap:
 garbage-first heap   total reserved 3590144K, committed 83968K, used 36813K [0x0000000724e00000, 0x0000000800000000)
  region size 2048K, 6 young (12288K), 3 survivors (6144K)
 Metaspace       used 22591K, committed 22976K, reserved 1114112K
  class space    used 3304K, committed 3456K, reserved 1048576K
GC Heap History (10 events):
Event: 0.605 GC heap before
{Heap before GC invocations=0 (full 0):
 garbage-first heap   total reserved 3590144K, committed 225280K, used 24576K [0x0000000724e00000, 0x0000000800000000)
  region size 2048K, 12 young (24576K), 0 survivors (0K)
 Metaspace       used 2845K, committed 3008K, reserved 1114112K
  class space    used 299K, committed 384K, reserved 1048576K
}
Event: 0.608 GC heap after
{Heap after GC invocations=1 (full 0):
 garbage-first heap   total reserved 3590144K, committed 225280K, used 2713K [0x0000000724e00000, 0x0000000800000000)
  region size 2048K, 2 young (4096K), 2 survivors (4096K)
 Metaspace       used 2845K, committed 3008K, reserved 1114112K
  class space    used 299K, committed 384K, reserved 1048576K
}
Event: 1.382 GC heap before
{Heap before GC invocations=1 (full 0):
 garbage-first heap   total reserved 3590144K, committed 225280K, used 25241K [0x0000000724e00000, 0x0000000800000000)
  region size 2048K, 14 young (28672K), 2 survivors (4096K)
 Metaspace       used 6416K, committed 6656K, reserved 1114112K
  class space    used 750K, committed 896K, reserved 1048576K
}
Event: 1.387 GC heap after
{Heap after GC invocations=2 (full 0):
 garbage-first heap   total reserved 3590144K, committed 225280K, used 6434K [0x0000000724e00000, 0x0000000800000000)
  region size 2048K, 2 young (4096K), 2 survivors (4096K)
 Metaspace       used 6416K, committed 6656K, reserved 1114112K
  class space    used 750K, committed 896K, reserved 1048576K
}
Event: 3.000 GC heap before
{Heap before GC invocations=2 (full 0):
 garbage-first heap   total reserved 3590144K, committed 225280K, used 71970K [0x0000000724e00000, 0x0000000800000000)
  region size 2048K, 31 young (63488K), 2 survivors (4096K)
 Metaspace       used 18646K, committed 19008K, reserved 1114112K
  class space    used 2783K, committed 2944K, reserved 1048576K
}
Event: 3.015 GC heap after
{Heap after GC invocations=3 (full 0):
 garbage-first heap   total reserved 3590144K, committed 225280K, used 22209K [0x0000000724e00000, 0x0000000800000000)
  region size 2048K, 4 young (8192K), 4 survivors (8192K)
 Metaspace       used 18646K, committed 19008K, reserved 1114112K
  class space    used 2783K, committed 2944K, reserved 1048576K
}
Event: 6.990 GC heap before
{Heap before GC invocations=3 (full 0):
 garbage-first heap   total reserved 3590144K, committed 225280K, used 46785K [0x0000000724e00000, 0x0000000800000000)
  region size 2048K, 15 young (30720K), 4 survivors (8192K)
 Metaspace       used 21109K, committed 21504K, reserved 1114112K
  class space    used 3143K, committed 3328K, reserved 1048576K
}
Event: 6.999 GC heap after
{Heap after GC invocations=4 (full 0):
 garbage-first heap   total reserved 3590144K, committed 225280K, used 19874K [0x0000000724e00000, 0x0000000800000000)
  region size 2048K, 2 young (4096K), 2 survivors (4096K)
 Metaspace       used 21109K, committed 21504K, reserved 1114112K
  class space    used 3143K, committed 3328K, reserved 1048576K
}
Event: 26.934 GC heap before
{Heap before GC invocations=5 (full 0):
 garbage-first heap   total reserved 3590144K, committed 75776K, used 71074K [0x0000000724e00000, 0x0000000800000000)
  region size 2048K, 22 young (45056K), 2 survivors (4096K)
 Metaspace       used 22542K, committed 22912K, reserved 1114112K
  class space    used 3302K, committed 3456K, reserved 1048576K
}
Event: 26.942 GC heap after
{Heap after GC invocations=6 (full 0):
 garbage-first heap   total reserved 3590144K, committed 83968K, used 32717K [0x0000000724e00000, 0x0000000800000000)
  region size 2048K, 3 young (6144K), 3 survivors (6144K)
 Metaspace       used 22542K, committed 22912K, reserved 1114112K
  class space    used 3302K, committed 3456K, reserved 1048576K
}

